<?xml version="1.0" encoding="UTF-8"?>
<testsuite name="me.livenow.springboot.domain.posts.PostsRepositoryTest" tests="2" skipped="0" failures="0" errors="0" timestamp="2020-03-24T10:53:19" hostname="DESKTOP-UL0Q3K4" time="0.092">
  <properties/>
  <testcase name="게시글저장_불러오기" classname="me.livenow.springboot.domain.posts.PostsRepositoryTest" time="0.085"/>
  <testcase name="BaseTimeEntity_작동확인" classname="me.livenow.springboot.domain.posts.PostsRepositoryTest" time="0.007"/>
  <system-out><![CDATA[2020-03-24 19:53:17.656  INFO 6832 --- [    Test worker] .b.t.c.SpringBootTestContextBootstrapper : Neither @ContextConfiguration nor @ContextHierarchy found for test class [me.livenow.springboot.domain.posts.PostsRepositoryTest], using SpringBootContextLoader
2020-03-24 19:53:17.656  INFO 6832 --- [    Test worker] o.s.t.c.support.AbstractContextLoader    : Could not detect default resource locations for test class [me.livenow.springboot.domain.posts.PostsRepositoryTest]: no resource found for suffixes {-context.xml, Context.groovy}.
2020-03-24 19:53:17.656  INFO 6832 --- [    Test worker] t.c.s.AnnotationConfigContextLoaderUtils : Could not detect default configuration classes for test class [me.livenow.springboot.domain.posts.PostsRepositoryTest]: PostsRepositoryTest does not declare any static, non-private, non-final, nested classes annotated with @Configuration.
2020-03-24 19:53:17.665  INFO 6832 --- [    Test worker] .b.t.c.SpringBootTestContextBootstrapper : Found @SpringBootConfiguration me.livenow.springboot.Application for test class me.livenow.springboot.domain.posts.PostsRepositoryTest
2020-03-24 19:53:17.667  INFO 6832 --- [    Test worker] .b.t.c.SpringBootTestContextBootstrapper : Loaded default TestExecutionListener class names from location [META-INF/spring.factories]: [org.springframework.security.test.context.support.WithSecurityContextTestExecutionListener, org.springframework.security.test.context.support.ReactorContextTestExecutionListener, org.springframework.boot.test.autoconfigure.restdocs.RestDocsTestExecutionListener, org.springframework.boot.test.autoconfigure.web.client.MockRestServiceServerResetTestExecutionListener, org.springframework.boot.test.autoconfigure.web.servlet.MockMvcPrintOnlyOnFailureTestExecutionListener, org.springframework.boot.test.autoconfigure.web.servlet.WebDriverTestExecutionListener, org.springframework.boot.test.mock.mockito.MockitoTestExecutionListener, org.springframework.boot.test.mock.mockito.ResetMocksTestExecutionListener, org.springframework.test.context.web.ServletTestExecutionListener, org.springframework.test.context.support.DirtiesContextBeforeModesTestExecutionListener, org.springframework.test.context.support.DependencyInjectionTestExecutionListener, org.springframework.test.context.support.DirtiesContextTestExecutionListener, org.springframework.test.context.transaction.TransactionalTestExecutionListener, org.springframework.test.context.jdbc.SqlScriptsTestExecutionListener]
2020-03-24 19:53:17.668  INFO 6832 --- [    Test worker] .b.t.c.SpringBootTestContextBootstrapper : Using TestExecutionListeners: [org.springframework.test.context.web.ServletTestExecutionListener@29024b03, org.springframework.test.context.support.DirtiesContextBeforeModesTestExecutionListener@49ad5d28, org.springframework.boot.test.mock.mockito.MockitoTestExecutionListener@61395c75, org.springframework.boot.test.autoconfigure.SpringBootDependencyInjectionTestExecutionListener@2007092a, org.springframework.test.context.support.DirtiesContextTestExecutionListener@1be6047a, org.springframework.test.context.transaction.TransactionalTestExecutionListener@38814e33, org.springframework.test.context.jdbc.SqlScriptsTestExecutionListener@137077a2, org.springframework.security.test.context.support.WithSecurityContextTestExecutionListener@b2672bf, org.springframework.security.test.context.support.ReactorContextTestExecutionListener@20487275, org.springframework.boot.test.autoconfigure.restdocs.RestDocsTestExecutionListener@120a5099, org.springframework.boot.test.autoconfigure.web.client.MockRestServiceServerResetTestExecutionListener@2d7e81d, org.springframework.boot.test.autoconfigure.web.servlet.MockMvcPrintOnlyOnFailureTestExecutionListener@3adcc172, org.springframework.boot.test.autoconfigure.web.servlet.WebDriverTestExecutionListener@5964c786, org.springframework.boot.test.mock.mockito.ResetMocksTestExecutionListener@192adaab]

  .   ____          _            __ _ _
 /\\ / ___'_ __ _ _(_)_ __  __ _ \ \ \ \
( ( )\___ | '_ | '_| | '_ \/ _` | \ \ \ \
 \\/  ___)| |_)| | | | | || (_| |  ) ) ) )
  '  |____| .__|_| |_|_| |_\__, | / / / /
 =========|_|==============|___/=/_/_/_/
 :: Spring Boot ::        (v2.1.9.RELEASE)

2020-03-24 19:53:17.693  INFO 6832 --- [    Test worker] m.l.s.domain.posts.PostsRepositoryTest   : Starting PostsRepositoryTest on DESKTOP-UL0Q3K4 with PID 6832 (started by Tae Jeong in C:\Users\Tae Jeong\Desktop\대학관련자료\졸업작품\MyLittleObserver-Server)
2020-03-24 19:53:17.693  INFO 6832 --- [    Test worker] m.l.s.domain.posts.PostsRepositoryTest   : No active profile set, falling back to default profiles: default
2020-03-24 19:53:17.896  INFO 6832 --- [    Test worker] .s.d.r.c.RepositoryConfigurationDelegate : Bootstrapping Spring Data repositories in DEFAULT mode.
2020-03-24 19:53:17.920  INFO 6832 --- [    Test worker] .s.d.r.c.RepositoryConfigurationDelegate : Finished Spring Data repository scanning in 24ms. Found 2 repository interfaces.
2020-03-24 19:53:18.001  INFO 6832 --- [    Test worker] trationDelegate$BeanPostProcessorChecker : Bean 'org.springframework.transaction.annotation.ProxyTransactionManagementConfiguration' of type [org.springframework.transaction.annotation.ProxyTransactionManagementConfiguration$$EnhancerBySpringCGLIB$$677526ec] is not eligible for getting processed by all BeanPostProcessors (for example: not eligible for auto-proxying)
2020-03-24 19:53:18.071  INFO 6832 --- [    Test worker] com.zaxxer.hikari.HikariDataSource       : HikariPool-2 - Starting...
2020-03-24 19:53:18.071  INFO 6832 --- [    Test worker] com.zaxxer.hikari.HikariDataSource       : HikariPool-2 - Start completed.
2020-03-24 19:53:18.097  INFO 6832 --- [    Test worker] o.hibernate.jpa.internal.util.LogHelper  : HHH000204: Processing PersistenceUnitInfo [
	name: default
	...]
2020-03-24 19:53:18.105  INFO 6832 --- [    Test worker] org.hibernate.dialect.Dialect            : HHH000400: Using dialect: org.hibernate.dialect.MySQL5InnoDBDialect
Hibernate: drop table if exists posts
Hibernate: drop table if exists user
Hibernate: create table posts (id bigint not null auto_increment, created_date datetime, modified_date datetime, author varchar(255), content TEXT not null, title varchar(500) not null, primary key (id)) engine=InnoDB
Hibernate: create table user (id bigint not null auto_increment, created_date datetime, modified_date datetime, email varchar(255) not null, name varchar(255) not null, picture varchar(255), role varchar(255) not null, primary key (id)) engine=InnoDB
2020-03-24 19:53:18.142  INFO 6832 --- [    Test worker] o.h.t.schema.internal.SchemaCreatorImpl  : HHH000476: Executing import script 'org.hibernate.tool.schema.internal.exec.ScriptSourceInputNonExistentImpl@1a383990'
2020-03-24 19:53:18.142  INFO 6832 --- [    Test worker] j.LocalContainerEntityManagerFactoryBean : Initialized JPA EntityManagerFactory for persistence unit 'default'
2020-03-24 19:53:18.303  INFO 6832 --- [    Test worker] o.h.h.i.QueryTranslatorFactoryInitiator  : HHH000397: Using ASTQueryTranslatorFactory
2020-03-24 19:53:18.433  INFO 6832 --- [    Test worker] o.s.s.web.DefaultSecurityFilterChain     : Creating filter chain: any request, [org.springframework.security.web.context.request.async.WebAsyncManagerIntegrationFilter@5895e10f, org.springframework.security.web.context.SecurityContextPersistenceFilter@75c25a5b, org.springframework.security.web.header.HeaderWriterFilter@d526bd0, org.springframework.security.web.authentication.logout.LogoutFilter@3f28e33b, org.springframework.security.oauth2.client.web.OAuth2AuthorizationRequestRedirectFilter@1ee37e50, org.springframework.security.oauth2.client.web.OAuth2LoginAuthenticationFilter@53bd0678, org.springframework.security.web.authentication.ui.DefaultLoginPageGeneratingFilter@585f7ae9, org.springframework.security.web.authentication.ui.DefaultLogoutPageGeneratingFilter@41a0cb94, org.springframework.security.web.savedrequest.RequestCacheAwareFilter@43f02d7d, org.springframework.security.web.servletapi.SecurityContextHolderAwareRequestFilter@5de2d238, org.springframework.security.web.authentication.AnonymousAuthenticationFilter@44b42c0e, org.springframework.security.web.session.SessionManagementFilter@38e7bbe6, org.springframework.security.web.access.ExceptionTranslationFilter@49afe563, org.springframework.security.web.access.intercept.FilterSecurityInterceptor@18402d84]
2020-03-24 19:53:18.694  INFO 6832 --- [    Test worker] o.s.s.concurrent.ThreadPoolTaskExecutor  : Initializing ExecutorService 'applicationTaskExecutor'
2020-03-24 19:53:18.704  WARN 6832 --- [    Test worker] aWebConfiguration$JpaWebMvcConfiguration : spring.jpa.open-in-view is enabled by default. Therefore, database queries may be performed during view rendering. Explicitly configure spring.jpa.open-in-view to disable this warning
2020-03-24 19:53:18.729  INFO 6832 --- [    Test worker] o.s.b.a.w.s.WelcomePageHandlerMapping    : Adding welcome page template: index
2020-03-24 19:53:19.028  INFO 6832 --- [    Test worker] s.a.ScheduledAnnotationBeanPostProcessor : No TaskScheduler/ScheduledExecutorService bean found for scheduled processing
2020-03-24 19:53:19.028  INFO 6832 --- [    Test worker] m.l.s.domain.posts.PostsRepositoryTest   : Started PostsRepositoryTest in 1.356 seconds (JVM running for 7.86)
Hibernate: insert into posts (created_date, modified_date, author, content, title) values (?, ?, ?, ?, ?)
Hibernate: select posts0_.id as id1_0_, posts0_.created_date as created_2_0_, posts0_.modified_date as modified3_0_, posts0_.author as author4_0_, posts0_.content as content5_0_, posts0_.title as title6_0_ from posts posts0_
Hibernate: select posts0_.id as id1_0_, posts0_.created_date as created_2_0_, posts0_.modified_date as modified3_0_, posts0_.author as author4_0_, posts0_.content as content5_0_, posts0_.title as title6_0_ from posts posts0_
Hibernate: delete from posts where id=?
Hibernate: insert into posts (created_date, modified_date, author, content, title) values (?, ?, ?, ?, ?)
Hibernate: select posts0_.id as id1_0_, posts0_.created_date as created_2_0_, posts0_.modified_date as modified3_0_, posts0_.author as author4_0_, posts0_.content as content5_0_, posts0_.title as title6_0_ from posts posts0_
>>>>>>> createdDate=2020-03-24T19:53:19.123modifiedDate=2020-03-24T19:53:19.123
Hibernate: select posts0_.id as id1_0_, posts0_.created_date as created_2_0_, posts0_.modified_date as modified3_0_, posts0_.author as author4_0_, posts0_.content as content5_0_, posts0_.title as title6_0_ from posts posts0_
Hibernate: delete from posts where id=?
]]></system-out>
  <system-err><![CDATA[]]></system-err>
</testsuite>
