<?xml version="1.0" encoding="UTF-8"?>
<testsuite name="me.livenow.springboot.HelloControllerTest" tests="2" skipped="0" failures="0" errors="0" timestamp="2020-03-24T10:53:19" hostname="DESKTOP-UL0Q3K4" time="0.12">
  <properties/>
  <testcase name="hello가_리턴된다" classname="me.livenow.springboot.HelloControllerTest" time="0.036"/>
  <testcase name="helloDto가_리턴된다" classname="me.livenow.springboot.HelloControllerTest" time="0.083"/>
  <system-out><![CDATA[2020-03-24 19:53:19.132  INFO 6832 --- [    Test worker] .b.t.a.w.s.WebMvcTestContextBootstrapper : Neither @ContextConfiguration nor @ContextHierarchy found for test class [me.livenow.springboot.HelloControllerTest], using SpringBootContextLoader
2020-03-24 19:53:19.133  INFO 6832 --- [    Test worker] o.s.t.c.support.AbstractContextLoader    : Could not detect default resource locations for test class [me.livenow.springboot.HelloControllerTest]: no resource found for suffixes {-context.xml, Context.groovy}.
2020-03-24 19:53:19.134  INFO 6832 --- [    Test worker] t.c.s.AnnotationConfigContextLoaderUtils : Could not detect default configuration classes for test class [me.livenow.springboot.HelloControllerTest]: HelloControllerTest does not declare any static, non-private, non-final, nested classes annotated with @Configuration.
2020-03-24 19:53:19.147  INFO 6832 --- [    Test worker] .b.t.c.SpringBootTestContextBootstrapper : Found @SpringBootConfiguration me.livenow.springboot.Application for test class me.livenow.springboot.HelloControllerTest
2020-03-24 19:53:19.147  INFO 6832 --- [    Test worker] .b.t.a.w.s.WebMvcTestContextBootstrapper : Loaded default TestExecutionListener class names from location [META-INF/spring.factories]: [org.springframework.security.test.context.support.WithSecurityContextTestExecutionListener, org.springframework.security.test.context.support.ReactorContextTestExecutionListener, org.springframework.boot.test.autoconfigure.restdocs.RestDocsTestExecutionListener, org.springframework.boot.test.autoconfigure.web.client.MockRestServiceServerResetTestExecutionListener, org.springframework.boot.test.autoconfigure.web.servlet.MockMvcPrintOnlyOnFailureTestExecutionListener, org.springframework.boot.test.autoconfigure.web.servlet.WebDriverTestExecutionListener, org.springframework.boot.test.mock.mockito.MockitoTestExecutionListener, org.springframework.boot.test.mock.mockito.ResetMocksTestExecutionListener, org.springframework.test.context.web.ServletTestExecutionListener, org.springframework.test.context.support.DirtiesContextBeforeModesTestExecutionListener, org.springframework.test.context.support.DependencyInjectionTestExecutionListener, org.springframework.test.context.support.DirtiesContextTestExecutionListener, org.springframework.test.context.transaction.TransactionalTestExecutionListener, org.springframework.test.context.jdbc.SqlScriptsTestExecutionListener]
2020-03-24 19:53:19.148  INFO 6832 --- [    Test worker] .b.t.a.w.s.WebMvcTestContextBootstrapper : Using TestExecutionListeners: [org.springframework.test.context.web.ServletTestExecutionListener@6a925dbe, org.springframework.test.context.support.DirtiesContextBeforeModesTestExecutionListener@39344761, org.springframework.boot.test.mock.mockito.MockitoTestExecutionListener@5da7e453, org.springframework.boot.test.autoconfigure.SpringBootDependencyInjectionTestExecutionListener@458286a1, org.springframework.test.context.support.DirtiesContextTestExecutionListener@3d054c02, org.springframework.test.context.transaction.TransactionalTestExecutionListener@26110b8c, org.springframework.test.context.jdbc.SqlScriptsTestExecutionListener@4476f661, org.springframework.security.test.context.support.WithSecurityContextTestExecutionListener@1510d7c0, org.springframework.security.test.context.support.ReactorContextTestExecutionListener@262ec3c, org.springframework.boot.test.autoconfigure.restdocs.RestDocsTestExecutionListener@2c81ca97, org.springframework.boot.test.autoconfigure.web.client.MockRestServiceServerResetTestExecutionListener@5f37e498, org.springframework.boot.test.autoconfigure.web.servlet.MockMvcPrintOnlyOnFailureTestExecutionListener@4c0a8669, org.springframework.boot.test.autoconfigure.web.servlet.WebDriverTestExecutionListener@591c80d8, org.springframework.boot.test.mock.mockito.ResetMocksTestExecutionListener@7b6b2c1e]

  .   ____          _            __ _ _
 /\\ / ___'_ __ _ _(_)_ __  __ _ \ \ \ \
( ( )\___ | '_ | '_| | '_ \/ _` | \ \ \ \
 \\/  ___)| |_)| | | | | || (_| |  ) ) ) )
  '  |____| .__|_| |_|_| |_\__, | / / / /
 =========|_|==============|___/=/_/_/_/
 :: Spring Boot ::        (v2.1.9.RELEASE)

2020-03-24 19:53:19.171  INFO 6832 --- [    Test worker] m.l.springboot.HelloControllerTest       : Starting HelloControllerTest on DESKTOP-UL0Q3K4 with PID 6832 (started by Tae Jeong in C:\Users\Tae Jeong\Desktop\대학관련자료\졸업작품\MyLittleObserver-Server)
2020-03-24 19:53:19.171  INFO 6832 --- [    Test worker] m.l.springboot.HelloControllerTest       : No active profile set, falling back to default profiles: default
2020-03-24 19:53:19.492  INFO 6832 --- [    Test worker] o.s.s.concurrent.ThreadPoolTaskExecutor  : Initializing ExecutorService 'applicationTaskExecutor'
2020-03-24 19:53:19.515  INFO 6832 --- [    Test worker] o.s.b.a.w.s.WelcomePageHandlerMapping    : Adding welcome page template: index
2020-03-24 19:53:19.686  INFO 6832 --- [    Test worker] .s.s.UserDetailsServiceAutoConfiguration : 

Using generated security password: 06b3b5f3-d2d6-408f-b208-65eec8485805

2020-03-24 19:53:19.829  INFO 6832 --- [    Test worker] o.s.s.web.DefaultSecurityFilterChain     : Creating filter chain: any request, [org.springframework.security.web.context.request.async.WebAsyncManagerIntegrationFilter@701162f9, org.springframework.security.web.context.SecurityContextPersistenceFilter@3856b2c3, org.springframework.security.web.header.HeaderWriterFilter@4bf72672, org.springframework.security.web.csrf.CsrfFilter@703cd5a2, org.springframework.security.web.authentication.logout.LogoutFilter@790e7a15, org.springframework.security.web.authentication.UsernamePasswordAuthenticationFilter@310bd4e9, org.springframework.security.web.authentication.ui.DefaultLoginPageGeneratingFilter@353b1d54, org.springframework.security.web.authentication.ui.DefaultLogoutPageGeneratingFilter@24cb7e9f, org.springframework.security.web.authentication.www.BasicAuthenticationFilter@71aa6f40, org.springframework.security.web.savedrequest.RequestCacheAwareFilter@1978799e, org.springframework.security.web.servletapi.SecurityContextHolderAwareRequestFilter@6b4e1875, org.springframework.security.web.authentication.AnonymousAuthenticationFilter@639c529, org.springframework.security.web.session.SessionManagementFilter@5df07b6b, org.springframework.security.web.access.ExceptionTranslationFilter@1e97e314, org.springframework.security.web.access.intercept.FilterSecurityInterceptor@35f35f6b]
2020-03-24 19:53:19.846  INFO 6832 --- [    Test worker] o.s.b.t.m.w.SpringBootMockServletContext : Initializing Spring TestDispatcherServlet ''
2020-03-24 19:53:19.846  INFO 6832 --- [    Test worker] o.s.t.web.servlet.TestDispatcherServlet  : Initializing Servlet ''
2020-03-24 19:53:19.855  INFO 6832 --- [    Test worker] o.s.t.web.servlet.TestDispatcherServlet  : Completed initialization in 9 ms
2020-03-24 19:53:19.881  INFO 6832 --- [    Test worker] m.l.springboot.HelloControllerTest       : Started HelloControllerTest in 0.732 seconds (JVM running for 8.712)
]]></system-out>
  <system-err><![CDATA[]]></system-err>
</testsuite>
