<?xml version="1.0" encoding="UTF-8"?>
<testsuite name="me.livenow.springboot.web.HelloControllerTest" tests="2" skipped="0" failures="0" errors="0" timestamp="2020-03-24T10:53:20" hostname="DESKTOP-UL0Q3K4" time="0.009">
  <properties/>
  <testcase name="hello가_리턴된다" classname="me.livenow.springboot.web.HelloControllerTest" time="0.005"/>
  <testcase name="helloDto가_리턴된다" classname="me.livenow.springboot.web.HelloControllerTest" time="0.004"/>
  <system-out><![CDATA[2020-03-24 19:53:20.008  INFO 6832 --- [    Test worker] .b.t.a.w.s.WebMvcTestContextBootstrapper : Neither @ContextConfiguration nor @ContextHierarchy found for test class [me.livenow.springboot.web.HelloControllerTest], using SpringBootContextLoader
2020-03-24 19:53:20.009  INFO 6832 --- [    Test worker] o.s.t.c.support.AbstractContextLoader    : Could not detect default resource locations for test class [me.livenow.springboot.web.HelloControllerTest]: no resource found for suffixes {-context.xml, Context.groovy}.
2020-03-24 19:53:20.009  INFO 6832 --- [    Test worker] t.c.s.AnnotationConfigContextLoaderUtils : Could not detect default configuration classes for test class [me.livenow.springboot.web.HelloControllerTest]: HelloControllerTest does not declare any static, non-private, non-final, nested classes annotated with @Configuration.
2020-03-24 19:53:20.013  INFO 6832 --- [    Test worker] .b.t.c.SpringBootTestContextBootstrapper : Found @SpringBootConfiguration me.livenow.springboot.Application for test class me.livenow.springboot.web.HelloControllerTest
2020-03-24 19:53:20.013  INFO 6832 --- [    Test worker] .b.t.a.w.s.WebMvcTestContextBootstrapper : Loaded default TestExecutionListener class names from location [META-INF/spring.factories]: [org.springframework.security.test.context.support.WithSecurityContextTestExecutionListener, org.springframework.security.test.context.support.ReactorContextTestExecutionListener, org.springframework.boot.test.autoconfigure.restdocs.RestDocsTestExecutionListener, org.springframework.boot.test.autoconfigure.web.client.MockRestServiceServerResetTestExecutionListener, org.springframework.boot.test.autoconfigure.web.servlet.MockMvcPrintOnlyOnFailureTestExecutionListener, org.springframework.boot.test.autoconfigure.web.servlet.WebDriverTestExecutionListener, org.springframework.boot.test.mock.mockito.MockitoTestExecutionListener, org.springframework.boot.test.mock.mockito.ResetMocksTestExecutionListener, org.springframework.test.context.web.ServletTestExecutionListener, org.springframework.test.context.support.DirtiesContextBeforeModesTestExecutionListener, org.springframework.test.context.support.DependencyInjectionTestExecutionListener, org.springframework.test.context.support.DirtiesContextTestExecutionListener, org.springframework.test.context.transaction.TransactionalTestExecutionListener, org.springframework.test.context.jdbc.SqlScriptsTestExecutionListener]
2020-03-24 19:53:20.014  INFO 6832 --- [    Test worker] .b.t.a.w.s.WebMvcTestContextBootstrapper : Using TestExecutionListeners: [org.springframework.test.context.web.ServletTestExecutionListener@65783a91, org.springframework.test.context.support.DirtiesContextBeforeModesTestExecutionListener@2a48ccce, org.springframework.boot.test.mock.mockito.MockitoTestExecutionListener@5d2c256b, org.springframework.boot.test.autoconfigure.SpringBootDependencyInjectionTestExecutionListener@491fa95f, org.springframework.test.context.support.DirtiesContextTestExecutionListener@6d97be5f, org.springframework.test.context.transaction.TransactionalTestExecutionListener@155219f, org.springframework.test.context.jdbc.SqlScriptsTestExecutionListener@3d6e4ba3, org.springframework.security.test.context.support.WithSecurityContextTestExecutionListener@98f5800, org.springframework.security.test.context.support.ReactorContextTestExecutionListener@593a7a28, org.springframework.boot.test.autoconfigure.restdocs.RestDocsTestExecutionListener@714be149, org.springframework.boot.test.autoconfigure.web.client.MockRestServiceServerResetTestExecutionListener@3eb79f90, org.springframework.boot.test.autoconfigure.web.servlet.MockMvcPrintOnlyOnFailureTestExecutionListener@4d8b8f1e, org.springframework.boot.test.autoconfigure.web.servlet.WebDriverTestExecutionListener@476a57bd, org.springframework.boot.test.mock.mockito.ResetMocksTestExecutionListener@6985b7b0]
]]></system-out>
  <system-err><![CDATA[]]></system-err>
</testsuite>
