<?xml version="1.0" encoding="UTF-8"?>
<testsuite name="me.livenow.springboot.web.dto.HelloResponseDtoTest" tests="1" skipped="0" failures="0" errors="0" timestamp="2020-03-24T10:53:20" hostname="DESKTOP-UL0Q3K4" time="0.002">
  <properties/>
  <testcase name="lombok_기능_테스트" classname="me.livenow.springboot.web.dto.HelloResponseDtoTest" time="0.002"/>
  <system-out><![CDATA[]]></system-out>
  <system-err><![CDATA[]]></system-err>
</testsuite>
